<?xml version="1.0" encoding="UTF-8" standalone="no"?>
<testsuite errors="0" failures="0" name="io.cucumber.core.plugin.JUnitFormatter" skipped="0" tests="1" time="19.084">
<testcase classname="feature to test loading of the Homepage" name="Check the ui elements of the homepage Navigation" time="18.48">
<system-out><![CDATA[Given user has started a web browser........................................passed
And user navigates to application home......................................passed
Then cookie overlay appears.................................................passed
And home screen is clear....................................................passed
Then user clicks on tab home................................................passed
Then user is redirected to the current page of the web application..........passed
]]></system-out>
</testcase>
</testsuite>
